Arguments: 
  /usr/local/bin/node /usr/local/bin/yarn

PATH: 
  /Library/Frameworks/Python.framework/Versions/3.10/bin:/usr/local/bin:/usr/bin:/bin:/usr/sbin:/sbin:/Library/Frameworks/Python.framework/Versions/3.10/bin

Yarn version: 
  1.22.19

Node version: 
  21.6.2

Platform: 
  darwin arm64

Trace: 
  Error: ENOSPC: no space left on device, mkdir '/Users/mihail/Library/Caches/Yarn/v6/npm-vite-plugin-vue-devtools-7.5.1-493333ab665db726e3774199b0eedf0ea4bb8de3-integrity/node_modules/vite-plugin-vue-devtools'

npm manifest: 
  {
    "name": "rtl-frontend",
    "version": "0.0.0",
    "private": true,
    "type": "module",
    "scripts": {
      "dev": "vite",
      "build": "vite build",
      "preview": "vite preview",
      "lint": "eslint . --ext .vue,.js,.jsx,.cjs,.mjs --fix --ignore-path .gitignore",
      "format": "prettier --write src/"
    },
    "dependencies": {
      "@popperjs/core": "^2.11.8",
      "@vuepic/vue-datepicker": "^8.1.1",
      "axios": "^1.7.2",
      "chart.js": "^4.4.3",
      "pinia": "^2.1.7",
      "primeflex": "^3.3.1",
      "primeicons": "^7.0.0",
      "primevue": "^3.51.0",
      "qs": "^6.13.0",
      "ritm-date": "^1.1.6",
      "vite-svg-loader": "^5.1.0",
      "vs-vue3-select": "^1.3.5",
      "vue": "^3.4.29",
      "vue-router": "^4.3.3"
    },
    "devDependencies": {
      "@rushstack/eslint-patch": "^1.8.0",
      "@vitejs/plugin-vue": "^5.0.5",
      "@vue/eslint-config-prettier": "^9.0.0",
      "eslint": "^8.57.0",
      "eslint-plugin-vue": "^9.23.0",
      "prettier": "^3.2.5",
      "sass": "^1.69.7",
      "vite": "^5.3.1",
      "vite-plugin-vue-devtools": "^7.3.1"
    }
  }

yarn manifest: 
  No manifest

Lockfile: 
  No lockfile
